c:\jacob\school\nbcc\year 2\term 1\game development in c++\compiled finished game\sfm_ setup\sfm_ setup\debug\vc142.pdb
c:\jacob\school\nbcc\year 2\term 1\game development in c++\compiled finished game\sfm_ setup\sfm_ setup\debug\vc142.idb
c:\jacob\school\nbcc\year 2\term 1\game development in c++\compiled finished game\sfm_ setup\sfm_ setup\debug\pickup.nativecodeanalysis.sarif
c:\jacob\school\nbcc\year 2\term 1\game development in c++\compiled finished game\sfm_ setup\sfm_ setup\debug\pickup.nativecodeanalysis.xml
c:\jacob\school\nbcc\year 2\term 1\game development in c++\compiled finished game\sfm_ setup\sfm_ setup\debug\particlenode.nativecodeanalysis.sarif
c:\jacob\school\nbcc\year 2\term 1\game development in c++\compiled finished game\sfm_ setup\sfm_ setup\debug\particlenode.nativecodeanalysis.xml
c:\jacob\school\nbcc\year 2\term 1\game development in c++\compiled finished game\sfm_ setup\sfm_ setup\debug\musicplayer.nativecodeanalysis.sarif
c:\jacob\school\nbcc\year 2\term 1\game development in c++\compiled finished game\sfm_ setup\sfm_ setup\debug\musicplayer.nativecodeanalysis.xml
c:\jacob\school\nbcc\year 2\term 1\game development in c++\compiled finished game\sfm_ setup\sfm_ setup\debug\label.nativecodeanalysis.sarif
c:\jacob\school\nbcc\year 2\term 1\game development in c++\compiled finished game\sfm_ setup\sfm_ setup\debug\label.nativecodeanalysis.xml
c:\jacob\school\nbcc\year 2\term 1\game development in c++\compiled finished game\sfm_ setup\sfm_ setup\debug\gamestate.nativecodeanalysis.sarif
c:\jacob\school\nbcc\year 2\term 1\game development in c++\compiled finished game\sfm_ setup\sfm_ setup\debug\gamestate.nativecodeanalysis.xml
c:\jacob\school\nbcc\year 2\term 1\game development in c++\compiled finished game\sfm_ setup\sfm_ setup\debug\gameoverstate.nativecodeanalysis.sarif
c:\jacob\school\nbcc\year 2\term 1\game development in c++\compiled finished game\sfm_ setup\sfm_ setup\debug\gameoverstate.nativecodeanalysis.xml
c:\jacob\school\nbcc\year 2\term 1\game development in c++\compiled finished game\sfm_ setup\sfm_ setup\debug\entity.nativecodeanalysis.sarif
c:\jacob\school\nbcc\year 2\term 1\game development in c++\compiled finished game\sfm_ setup\sfm_ setup\debug\entity.nativecodeanalysis.xml
c:\jacob\school\nbcc\year 2\term 1\game development in c++\compiled finished game\sfm_ setup\sfm_ setup\debug\emitternode.nativecodeanalysis.sarif
c:\jacob\school\nbcc\year 2\term 1\game development in c++\compiled finished game\sfm_ setup\sfm_ setup\debug\emitternode.nativecodeanalysis.xml
c:\jacob\school\nbcc\year 2\term 1\game development in c++\compiled finished game\sfm_ setup\sfm_ setup\debug\datatables.nativecodeanalysis.sarif
c:\jacob\school\nbcc\year 2\term 1\game development in c++\compiled finished game\sfm_ setup\sfm_ setup\debug\datatables.nativecodeanalysis.xml
c:\jacob\school\nbcc\year 2\term 1\game development in c++\compiled finished game\sfm_ setup\sfm_ setup\debug\container.nativecodeanalysis.sarif
c:\jacob\school\nbcc\year 2\term 1\game development in c++\compiled finished game\sfm_ setup\sfm_ setup\debug\container.nativecodeanalysis.xml
c:\jacob\school\nbcc\year 2\term 1\game development in c++\compiled finished game\sfm_ setup\sfm_ setup\debug\component.nativecodeanalysis.sarif
c:\jacob\school\nbcc\year 2\term 1\game development in c++\compiled finished game\sfm_ setup\sfm_ setup\debug\component.nativecodeanalysis.xml
c:\jacob\school\nbcc\year 2\term 1\game development in c++\compiled finished game\sfm_ setup\sfm_ setup\debug\commandqueue.nativecodeanalysis.sarif
c:\jacob\school\nbcc\year 2\term 1\game development in c++\compiled finished game\sfm_ setup\sfm_ setup\debug\commandqueue.nativecodeanalysis.xml
c:\jacob\school\nbcc\year 2\term 1\game development in c++\compiled finished game\sfm_ setup\sfm_ setup\debug\command.nativecodeanalysis.sarif
c:\jacob\school\nbcc\year 2\term 1\game development in c++\compiled finished game\sfm_ setup\sfm_ setup\debug\command.nativecodeanalysis.xml
c:\jacob\school\nbcc\year 2\term 1\game development in c++\compiled finished game\sfm_ setup\sfm_ setup\debug\button.nativecodeanalysis.sarif
c:\jacob\school\nbcc\year 2\term 1\game development in c++\compiled finished game\sfm_ setup\sfm_ setup\debug\button.nativecodeanalysis.xml
c:\jacob\school\nbcc\year 2\term 1\game development in c++\compiled finished game\sfm_ setup\sfm_ setup\debug\animation.nativecodeanalysis.sarif
c:\jacob\school\nbcc\year 2\term 1\game development in c++\compiled finished game\sfm_ setup\sfm_ setup\debug\animation.nativecodeanalysis.xml
c:\jacob\school\nbcc\year 2\term 1\game development in c++\compiled finished game\sfm_ setup\sfm_ setup\debug\aircraft.nativecodeanalysis.sarif
c:\jacob\school\nbcc\year 2\term 1\game development in c++\compiled finished game\sfm_ setup\sfm_ setup\debug\aircraft.nativecodeanalysis.xml
c:\jacob\school\nbcc\year 2\term 1\game development in c++\compiled finished game\sfm_ setup\sfm_ setup\debug\aircraft.obj
c:\jacob\school\nbcc\year 2\term 1\game development in c++\compiled finished game\sfm_ setup\sfm_ setup\debug\animation.obj
c:\jacob\school\nbcc\year 2\term 1\game development in c++\compiled finished game\sfm_ setup\sfm_ setup\debug\button.obj
c:\jacob\school\nbcc\year 2\term 1\game development in c++\compiled finished game\sfm_ setup\sfm_ setup\debug\command.obj
c:\jacob\school\nbcc\year 2\term 1\game development in c++\compiled finished game\sfm_ setup\sfm_ setup\debug\commandqueue.obj
c:\jacob\school\nbcc\year 2\term 1\game development in c++\compiled finished game\sfm_ setup\sfm_ setup\debug\component.obj
c:\jacob\school\nbcc\year 2\term 1\game development in c++\compiled finished game\sfm_ setup\sfm_ setup\debug\container.obj
c:\jacob\school\nbcc\year 2\term 1\game development in c++\compiled finished game\sfm_ setup\sfm_ setup\debug\datatables.obj
c:\jacob\school\nbcc\year 2\term 1\game development in c++\compiled finished game\sfm_ setup\sfm_ setup\debug\emitternode.obj
c:\jacob\school\nbcc\year 2\term 1\game development in c++\compiled finished game\sfm_ setup\sfm_ setup\debug\entity.obj
c:\jacob\school\nbcc\year 2\term 1\game development in c++\compiled finished game\sfm_ setup\sfm_ setup\debug\gameoverstate.obj
c:\jacob\school\nbcc\year 2\term 1\game development in c++\compiled finished game\sfm_ setup\sfm_ setup\debug\gamestate.obj
c:\jacob\school\nbcc\year 2\term 1\game development in c++\compiled finished game\sfm_ setup\sfm_ setup\debug\label.obj
c:\jacob\school\nbcc\year 2\term 1\game development in c++\compiled finished game\sfm_ setup\sfm_ setup\debug\musicplayer.obj
c:\jacob\school\nbcc\year 2\term 1\game development in c++\compiled finished game\sfm_ setup\sfm_ setup\debug\particlenode.obj
c:\jacob\school\nbcc\year 2\term 1\game development in c++\compiled finished game\sfm_ setup\sfm_ setup\debug\pickup.obj
c:\jacob\school\nbcc\year 2\term 1\game development in c++\compiled finished game\sfm_ setup\sfm_ setup\debug\sfm_ setup.tlog\cl.command.1.tlog
c:\jacob\school\nbcc\year 2\term 1\game development in c++\compiled finished game\sfm_ setup\sfm_ setup\debug\sfm_ setup.tlog\cl.read.1.tlog
c:\jacob\school\nbcc\year 2\term 1\game development in c++\compiled finished game\sfm_ setup\sfm_ setup\debug\sfm_ setup.tlog\cl.write.1.tlog
