<<<<<<< HEAD
<<<<<<< HEAD
﻿  DataTables.cpp
=======
﻿  MusicPlayer.cpp
>>>>>>> parent of e6d7044 (before remove particle)
  SFM_ setup.vcxproj -> C:\Users\jash1\OneDrive\Documents\GitHub\Year2\CapstoneProject\SFM_ setup\Debug\SFM_ setup.exe
=======
﻿  Actor.cpp
  Application.cpp
  Button.cpp
  DataTables.cpp
  EmitterNode.cpp
  GameOverState.cpp
  GameState.cpp
  Label.cpp
  MenuState.cpp
  MusicPlayer.cpp
  ParticleNode.cpp
C:\Users\jash1\OneDrive\Documents\GitHub\Year2\CapstoneProject\SFM_ setup\SFM_ setup\ParticleNode.cpp(19,36): error C2039: 'Particle': is not a member of 'Textures'
C:\Users\jash1\OneDrive\Documents\GitHub\Year2\CapstoneProject\SFM_ setup\SFM_ setup\ResourceIdentifiers.h(11): message : see declaration of 'Textures'
C:\Users\jash1\OneDrive\Documents\GitHub\Year2\CapstoneProject\SFM_ setup\SFM_ setup\ParticleNode.cpp(19,44): error C2275: 'Particle': illegal use of this type as an expression
C:\Users\jash1\OneDrive\Documents\GitHub\Year2\CapstoneProject\SFM_ setup\SFM_ setup\Particle.h(7): message : see declaration of 'Particle'
C:\Users\jash1\OneDrive\Documents\GitHub\Year2\CapstoneProject\SFM_ setup\SFM_ setup\ParticleNode.cpp(23,1): error C2832: 'ParticleNode::mTexture': a reference type cannot be value-initialized
C:\Users\jash1\OneDrive\Documents\GitHub\Year2\CapstoneProject\SFM_ setup\SFM_ setup\ParticleNode.h(32): message : see declaration of 'ParticleNode::mTexture'
  PauseState.cpp
  Player.cpp
  SettingsState.cpp
  SoundNode.cpp
  SoundPlayer.cpp
  Source.cpp
  State.cpp
  StateStack.cpp
  TextNode.cpp
  Generating Code...
C:\Users\jash1\OneDrive\Documents\GitHub\Year2\CapstoneProject\SFM_ setup\SFM_ setup\Actor.cpp(105): warning C4715: 'Actor::getCategory': not all control paths return a value
  Compiling...
  TitleState.cpp
  World.cpp
C:\Users\jash1\OneDrive\Documents\GitHub\Year2\CapstoneProject\SFM_ setup\SFM_ setup\World.cpp(217,55): error C2039: 'FinishLine': is not a member of 'Textures'
C:\Users\jash1\OneDrive\Documents\GitHub\Year2\CapstoneProject\SFM_ setup\SFM_ setup\ResourceIdentifiers.h(11): message : see declaration of 'Textures'
C:\Users\jash1\OneDrive\Documents\GitHub\Year2\CapstoneProject\SFM_ setup\SFM_ setup\World.cpp(217,65): error C2065: 'FinishLine': undeclared identifier
C:\Users\jash1\OneDrive\Documents\GitHub\Year2\CapstoneProject\SFM_ setup\SFM_ setup\World.cpp(217,29): error C2530: 'finishTexture': references must be initialized
  Generating Code...
>>>>>>> parent of 5e3a515 (after particle remove)
